<?xml version="1.0" encoding="UTF-8"?>
<testsuites name="jest tests" tests="1" failures="0" errors="0" time="0.71">
  <testsuite name="undefined" errors="0" failures="0" skipped="0" timestamp="2021-12-20T09:07:22" time="0.65" tests="1">
    <testcase classname=" test upcoming movies" name=" test upcoming movies" time="0.003">
    </testcase>
  </testsuite>
</testsuites>